<?xml version="1.0" encoding="UTF-8"?>
<testng-results ignored="0" total="1" passed="1" failed="0" skipped="0">
  <reporter-output>
  </reporter-output>
  <suite started-at="2024-02-21T19:49:15 IST" name="Suite" finished-at="2024-02-21T19:50:47 IST" duration-ms="92309">
    <groups>
    </groups>
    <test started-at="2024-02-21T19:49:15 IST" name="Test" finished-at="2024-02-21T19:50:47 IST" duration-ms="92309">
      <class name="practice3.Menutest">
        <test-method signature="droptest()[pri:0, instance:practice3.Menutest@7722c3c3]" started-at="2024-02-21T19:49:15 IST" name="droptest" finished-at="2024-02-21T19:50:47 IST" duration-ms="92212" status="PASS">
          <reporter-output>
          </reporter-output>
        </test-method> <!-- droptest -->
      </class> <!-- practice3.Menutest -->
    </test> <!-- Test -->
  </suite> <!-- Suite -->
</testng-results>
