<?xml version="1.0" encoding="UTF-8"?>
<testng-results ignored="0" total="1" passed="1" failed="0" skipped="0">
  <reporter-output>
  </reporter-output>
  <suite started-at="2024-02-16T13:09:10 IST" name="Default suite" finished-at="2024-02-16T13:10:40 IST" duration-ms="90231">
    <groups>
    </groups>
    <test started-at="2024-02-16T13:09:10 IST" name="Default test" finished-at="2024-02-16T13:10:40 IST" duration-ms="90231">
      <class name="practice3.Menutest">
        <test-method signature="mytest()[pri:0, instance:practice3.Menutest@4d9e68d0]" started-at="2024-02-16T13:09:10 IST" name="mytest" finished-at="2024-02-16T13:10:40 IST" duration-ms="90095" status="PASS">
          <reporter-output>
          </reporter-output>
        </test-method> <!-- mytest -->
      </class> <!-- practice3.Menutest -->
    </test> <!-- Default test -->
  </suite> <!-- Default suite -->
</testng-results>
